<?xml version="1.0" encoding="UTF-8"?>
<!-- Generated by org.testng.reporters.JUnitXMLReporter -->
<testsuite hostname="LTB0206984-Mac.local" ignored="0" name="Test" tests="5" failures="0" timestamp="2020-02-03T00:03:45 IST" time="59.625" errors="0">
  <testcase name="logoPresence" time="13.001" classname="allureReports.Tests"/>
  <testcase name="loginTest" time="14.98" classname="allureReports.Tests"/>
  <testcase name="registrationTest" time="5.01" classname="allureReports.Tests">
    <skipped/>
  </testcase> <!-- registrationTest -->
  <testcase name="registration1Test" time="5.008" classname="allureReports.Tests"/>
  <testcase name="registration11Test" time="5.005" classname="allureReports.Tests"/>
</testsuite> <!-- Test -->
