-------------------------------------------------------------------------------
Test set: TestSuite
-------------------------------------------------------------------------------
Tests run: 4, Failures: 1, Errors: 0, Skipped: 1, Time elapsed: 65.679 s <<< FAILURE! - in TestSuite
loginTest(allureReports.Tests)  Time elapsed: 10.804 s  <<< FAILURE!
java.lang.AssertionError: expected [nopCommerce demo store] but found [nopCommerce demo store. Login]
	at allureReports.Tests.loginTest(Tests.java:78)

