<?xml version="1.0" encoding="UTF-8"?>
<testng-results skipped="1" failed="0" ignored="0" total="5" passed="4">
  <reporter-output>
  </reporter-output>
  <suite name="Suite" duration-ms="59625" started-at="2020-02-03T00:02:41 IST" finished-at="2020-02-03T00:03:40 IST">
    <groups>
    </groups>
    <test name="Test" duration-ms="59625" started-at="2020-02-03T00:02:41 IST" finished-at="2020-02-03T00:03:40 IST">
      <class name="allureReports.Tests">
        <test-method status="PASS" signature="cleanResults()[pri:0, instance:allureReports.Tests@2187fff7]" name="cleanResults" is-config="true" duration-ms="107" started-at="2020-02-03T00:02:41 IST" finished-at="2020-02-03T00:02:41 IST">
          <reporter-output>
          </reporter-output>
        </test-method> <!-- cleanResults -->
        <test-method status="PASS" signature="setUp()[pri:0, instance:allureReports.Tests@2187fff7]" name="setUp" is-config="true" duration-ms="16110" started-at="2020-02-03T00:02:41 IST" finished-at="2020-02-03T00:02:57 IST">
          <reporter-output>
          </reporter-output>
        </test-method> <!-- setUp -->
        <test-method status="PASS" signature="videoRecord()[pri:0, instance:allureReports.Tests@2187fff7]" name="videoRecord" is-config="true" duration-ms="1" started-at="2020-02-03T00:02:57 IST" finished-at="2020-02-03T00:02:57 IST">
          <reporter-output>
          </reporter-output>
        </test-method> <!-- videoRecord -->
        <test-method status="PASS" signature="logoPresence()[pri:1, instance:allureReports.Tests@2187fff7]" name="logoPresence" duration-ms="13001" started-at="2020-02-03T00:02:57 IST" description="Verify Logo presence on Home Page" finished-at="2020-02-03T00:03:10 IST">
          <reporter-output>
          </reporter-output>
        </test-method> <!-- logoPresence -->
        <test-method status="PASS" signature="stopRecoding()[pri:0, instance:allureReports.Tests@2187fff7]" name="stopRecoding" is-config="true" duration-ms="1" started-at="2020-02-03T00:03:10 IST" finished-at="2020-02-03T00:03:10 IST">
          <reporter-output>
          </reporter-output>
        </test-method> <!-- stopRecoding -->
        <test-method status="PASS" signature="videoRecord()[pri:0, instance:allureReports.Tests@2187fff7]" name="videoRecord" is-config="true" duration-ms="1" started-at="2020-02-03T00:03:10 IST" finished-at="2020-02-03T00:03:10 IST">
          <reporter-output>
          </reporter-output>
        </test-method> <!-- videoRecord -->
        <test-method status="PASS" signature="loginTest()[pri:2, instance:allureReports.Tests@2187fff7]" name="loginTest" duration-ms="14980" started-at="2020-02-03T00:03:10 IST" description="Verify login" finished-at="2020-02-03T00:03:25 IST">
          <reporter-output>
          </reporter-output>
        </test-method> <!-- loginTest -->
        <test-method status="PASS" signature="stopRecoding()[pri:0, instance:allureReports.Tests@2187fff7]" name="stopRecoding" is-config="true" duration-ms="0" started-at="2020-02-03T00:03:25 IST" finished-at="2020-02-03T00:03:25 IST">
          <reporter-output>
          </reporter-output>
        </test-method> <!-- stopRecoding -->
        <test-method status="PASS" signature="videoRecord()[pri:0, instance:allureReports.Tests@2187fff7]" name="videoRecord" is-config="true" duration-ms="0" started-at="2020-02-03T00:03:25 IST" finished-at="2020-02-03T00:03:25 IST">
          <reporter-output>
          </reporter-output>
        </test-method> <!-- videoRecord -->
        <test-method status="SKIP" signature="registrationTest()[pri:3, instance:allureReports.Tests@2187fff7]" name="registrationTest" duration-ms="5010" started-at="2020-02-03T00:03:25 IST" description="Verify user Registration" finished-at="2020-02-03T00:03:30 IST">
          <exception class="org.testng.SkipException">
            <message>
              <![CDATA[Skipping this Test]]>
            </message>
            <full-stacktrace>
              <![CDATA[org.testng.SkipException: Skipping this Test
at allureReports.Tests.registrationTest(Tests.java:91)
at sun.reflect.NativeMethodAccessorImpl.invoke0(Native Method)
at sun.reflect.NativeMethodAccessorImpl.invoke(NativeMethodAccessorImpl.java:62)
at sun.reflect.DelegatingMethodAccessorImpl.invoke(DelegatingMethodAccessorImpl.java:43)
at java.lang.reflect.Method.invoke(Method.java:498)
at org.testng.internal.MethodInvocationHelper.invokeMethod(MethodInvocationHelper.java:133)
at org.testng.internal.TestInvoker.invokeMethod(TestInvoker.java:584)
at org.testng.internal.TestInvoker.invokeTestMethod(TestInvoker.java:172)
at org.testng.internal.MethodRunner.runInSequence(MethodRunner.java:46)
at org.testng.internal.TestInvoker$MethodInvocationAgent.invoke(TestInvoker.java:804)
at org.testng.internal.TestInvoker.invokeTestMethods(TestInvoker.java:145)
at org.testng.internal.TestMethodWorker.invokeTestMethods(TestMethodWorker.java:146)
at org.testng.internal.TestMethodWorker.run(TestMethodWorker.java:128)
at java.util.ArrayList.forEach(ArrayList.java:1257)
at org.testng.TestRunner.privateRun(TestRunner.java:770)
at org.testng.TestRunner.run(TestRunner.java:591)
at org.testng.SuiteRunner.runTest(SuiteRunner.java:402)
at org.testng.SuiteRunner.runSequentially(SuiteRunner.java:396)
at org.testng.SuiteRunner.privateRun(SuiteRunner.java:355)
at org.testng.SuiteRunner.run(SuiteRunner.java:304)
at org.testng.SuiteRunnerWorker.runSuite(SuiteRunnerWorker.java:53)
at org.testng.SuiteRunnerWorker.run(SuiteRunnerWorker.java:96)
at org.testng.TestNG.runSuitesSequentially(TestNG.java:1180)
at org.testng.TestNG.runSuitesLocally(TestNG.java:1102)
at org.testng.TestNG.runSuites(TestNG.java:1032)
at org.testng.TestNG.run(TestNG.java:1000)
at org.apache.maven.surefire.testng.TestNGExecutor.run(TestNGExecutor.java:283)
at org.apache.maven.surefire.testng.TestNGXmlTestSuite.execute(TestNGXmlTestSuite.java:75)
at org.apache.maven.surefire.testng.TestNGProvider.invoke(TestNGProvider.java:120)
at org.apache.maven.surefire.booter.ForkedBooter.invokeProviderInSameClassLoader(ForkedBooter.java:386)
at org.apache.maven.surefire.booter.ForkedBooter.runSuitesInProcess(ForkedBooter.java:323)
at org.apache.maven.surefire.booter.ForkedBooter.main(ForkedBooter.java:143)
]]>
            </full-stacktrace>
          </exception> <!-- org.testng.SkipException -->
          <reporter-output>
          </reporter-output>
        </test-method> <!-- registrationTest -->
        <test-method status="PASS" signature="stopRecoding()[pri:0, instance:allureReports.Tests@2187fff7]" name="stopRecoding" is-config="true" duration-ms="0" started-at="2020-02-03T00:03:30 IST" finished-at="2020-02-03T00:03:30 IST">
          <reporter-output>
          </reporter-output>
        </test-method> <!-- stopRecoding -->
        <test-method status="PASS" signature="videoRecord()[pri:0, instance:allureReports.Tests@2187fff7]" name="videoRecord" is-config="true" duration-ms="1" started-at="2020-02-03T00:03:30 IST" finished-at="2020-02-03T00:03:30 IST">
          <reporter-output>
          </reporter-output>
        </test-method> <!-- videoRecord -->
        <test-method status="PASS" signature="registration1Test()[pri:4, instance:allureReports.Tests@2187fff7]" name="registration1Test" duration-ms="5008" started-at="2020-02-03T00:03:30 IST" description="Verify user Registration1" finished-at="2020-02-03T00:03:35 IST">
          <reporter-output>
          </reporter-output>
        </test-method> <!-- registration1Test -->
        <test-method status="PASS" signature="stopRecoding()[pri:0, instance:allureReports.Tests@2187fff7]" name="stopRecoding" is-config="true" duration-ms="0" started-at="2020-02-03T00:03:35 IST" finished-at="2020-02-03T00:03:35 IST">
          <reporter-output>
          </reporter-output>
        </test-method> <!-- stopRecoding -->
        <test-method status="PASS" signature="videoRecord()[pri:0, instance:allureReports.Tests@2187fff7]" name="videoRecord" is-config="true" duration-ms="0" started-at="2020-02-03T00:03:35 IST" finished-at="2020-02-03T00:03:35 IST">
          <reporter-output>
          </reporter-output>
        </test-method> <!-- videoRecord -->
        <test-method status="PASS" signature="registration11Test()[pri:5, instance:allureReports.Tests@2187fff7]" name="registration11Test" duration-ms="5005" started-at="2020-02-03T00:03:35 IST" description="Verify user Registration11" finished-at="2020-02-03T00:03:40 IST">
          <reporter-output>
          </reporter-output>
        </test-method> <!-- registration11Test -->
        <test-method status="PASS" signature="stopRecoding()[pri:0, instance:allureReports.Tests@2187fff7]" name="stopRecoding" is-config="true" duration-ms="1" started-at="2020-02-03T00:03:40 IST" finished-at="2020-02-03T00:03:40 IST">
          <reporter-output>
          </reporter-output>
        </test-method> <!-- stopRecoding -->
        <test-method status="PASS" signature="tearDown()[pri:0, instance:allureReports.Tests@2187fff7]" name="tearDown" is-config="true" duration-ms="113" started-at="2020-02-03T00:03:40 IST" finished-at="2020-02-03T00:03:40 IST">
          <reporter-output>
          </reporter-output>
        </test-method> <!-- tearDown -->
        <test-method status="PASS" signature="reportGen()[pri:0, instance:allureReports.Tests@2187fff7]" name="reportGen" is-config="true" duration-ms="8041" started-at="2020-02-03T00:03:45 IST" finished-at="2020-02-03T00:03:53 IST">
          <reporter-output>
          </reporter-output>
        </test-method> <!-- reportGen -->
      </class> <!-- allureReports.Tests -->
    </test> <!-- Test -->
  </suite> <!-- Suite -->
</testng-results>
